2006.05.23 09:58 B C:\Denise\NEWSITE\wine\img\body_bg.gif --> ftp.mitchinson.net /wine/img body_bg.gif
2006.05.23 09:58 B C:\Denise\NEWSITE\wine\img\head.jpg --> ftp.mitchinson.net /wine/img head.jpg
2006.05.23 09:58 B C:\Denise\NEWSITE\wine\img\input.gif --> ftp.mitchinson.net /wine/img input.gif
2006.05.23 09:58 B C:\Denise\NEWSITE\wine\img\logininput.gif --> ftp.mitchinson.net /wine/img logininput.gif
2006.05.23 09:58 B C:\Denise\NEWSITE\wine\img\logo.gif --> ftp.mitchinson.net /wine/img logo.gif
2006.05.23 09:58 B C:\Denise\NEWSITE\wine\img\logo32x32.gif --> ftp.mitchinson.net /wine/img logo32x32.gif
2006.05.23 09:58 B C:\Denise\NEWSITE\wine\img\Thumbs.db --> ftp.mitchinson.net /wine/img Thumbs.db
2006.05.24 13:44 B C:\Denise\NEWSITE\designs\wine\img\WS_FTP.LOG --> ftp.mitchinson.net /designs/wine/img WS_FTP.LOG
2006.05.24 13:44 B C:\Denise\NEWSITE\designs\wine\img\Thumbs.db --> ftp.mitchinson.net /designs/wine/img Thumbs.db
2006.05.24 13:44 B C:\Denise\NEWSITE\designs\wine\img\head.jpg --> ftp.mitchinson.net /designs/wine/img head.jpg
2006.05.24 13:44 B C:\Denise\NEWSITE\designs\wine\img\input.gif --> ftp.mitchinson.net /designs/wine/img input.gif
2006.05.24 13:44 B C:\Denise\NEWSITE\designs\wine\img\logininput.gif --> ftp.mitchinson.net /designs/wine/img logininput.gif
2006.05.24 13:44 B C:\Denise\NEWSITE\designs\wine\img\logo32x32.gif --> ftp.mitchinson.net /designs/wine/img logo32x32.gif
2006.05.24 13:44 B C:\Denise\NEWSITE\designs\wine\img\logo.gif --> ftp.mitchinson.net /designs/wine/img logo.gif
2006.05.24 13:44 B C:\Denise\NEWSITE\designs\wine\img\body_bg.gif --> ftp.mitchinson.net /designs/wine/img body_bg.gif
2006.07.27 10:16 B C:\Denise\A_NEW_WEBSITE\designs\wine\img\body_bg.gif --> ftp.mitchinson.net /designs/wine/img body_bg.gif
2006.07.27 10:16 B C:\Denise\A_NEW_WEBSITE\designs\wine\img\head.jpg --> ftp.mitchinson.net /designs/wine/img head.jpg
2006.07.27 10:16 B C:\Denise\A_NEW_WEBSITE\designs\wine\img\input.gif --> ftp.mitchinson.net /designs/wine/img input.gif
2006.07.27 10:16 B C:\Denise\A_NEW_WEBSITE\designs\wine\img\logininput.gif --> ftp.mitchinson.net /designs/wine/img logininput.gif
2006.07.27 10:16 B C:\Denise\A_NEW_WEBSITE\designs\wine\img\logo.gif --> ftp.mitchinson.net /designs/wine/img logo.gif
2006.07.27 10:16 B C:\Denise\A_NEW_WEBSITE\designs\wine\img\logo32x32.gif --> ftp.mitchinson.net /designs/wine/img logo32x32.gif
2006.07.27 10:16 B C:\Denise\A_NEW_WEBSITE\designs\wine\img\Thumbs.db --> ftp.mitchinson.net /designs/wine/img Thumbs.db
2006.07.27 10:16 B C:\Denise\A_NEW_WEBSITE\designs\wine\img\WS_FTP.LOG --> ftp.mitchinson.net /designs/wine/img WS_FTP.LOG
